../migration/migration.c: register_migration_types entered
../migration/ram.c: precopy_infrastructure_init entered
../migration/postcopy-ram.c: postcopy_infrastructure_init entered
../migration/migration.c: migration_class_init entered
../migration/migration.c: migration_object_init entered
../migration/options.c: set_StrOrNull entered
../migration/migration.c: migration_instance_init entered
../migration/migration.c: migration_object_check entered
../migration/block-dirty-bitmap.c: construct_alias_map entered
../migration/migration.c: migrate_get_current entered
../migration/migration.c: migration_incoming_get_current entered
../migration/migration.c: migrate_get_current entered
../migration/ram.c: ram_mig_init entered
../migration/migration.c: migration_add_notifier_mode entered
../migration/migration.c: migration_add_notifier_modes entered
../migration/migration.c: add_notifiers entered
../migration/migration.c: migrate_add_blocker_modes entered
../migration/migration.c: is_only_migratable entered
../migration/migration.c: is_busy entered
../migration/migration.c: migration_is_running entered
../migration/migration.c: add_blockers entered
../migration/migration.c: migration_is_running entered
../migration/migration.c: migrate_add_blocker_modes entered
../migration/migration.c: is_only_migratable entered
../migration/migration.c: is_busy entered
../migration/migration.c: migration_is_running entered
../migration/migration.c: add_blockers entered
../migration/migration.c: migrate_get_current entered
############ MAPPED_RAM ON COMMAND ######################
../migration/migration.c: migrate_get_current entered
../migration/migration.c: migration_is_running entered
../migration/colo.c: migration_in_colo_state entered
../migration/migration.c: migrate_get_current entered
../migration/migration.c: migration_incoming_get_current entered
########## MULTIFD OFF COMMAND ###########################
../migration/migration.c: migrate_get_current entered
../migration/migration.c: migration_is_running entered
../migration/colo.c: migration_in_colo_state entered
../migration/migration.c: migrate_get_current entered
../migration/migration.c: migration_incoming_get_current entered
../migration/migration.c: migrate_get_current entered
############## INCOMING COMMAND ENTERED ###################
../migration/file.c: file_parse_offset entered
../migration/migration.c: qmp_migrate_incoming entered
../migration/migration.c: migration_incoming_get_current entered
../migration/migration.c: qemu_setup_incoming_migration entered
../migration/migration.c: migration_incoming_get_current entered
../migration/migration.c: migration_transport_compatible entered
../migration/migration.c: migration_channels_and_transport_compatible entered
../migration/migration.c: migration_needs_seekable_channel entered
../migration/migration.c: migrate_get_current entered
../migration/migration.c: transport_supports_seeking entered
../migration/migration.c: migration_needs_multiple_sockets entered
../migration/migration.c: migrate_get_current entered
../migration/migration.c: migration_needs_extra_fds entered
../migration/migration.c: migrate_get_current entered
../migration/migration.c: migration_capabilities_and_transport_compatible entered
../migration/migration.c: migration_incoming_state_setup entered
../migration/migration.c: migrate_set_state entered
../migration/migration.c: migrate_generate_event entered
../migration/migration.c: migrate_get_current entered
../migration/migration.c: migrate_incoming_ref_outgoing_state entered
../migration/migration.c: migrate_get_current entered
../migration/migration.c: migration_incoming_get_current entered
../migration/migration.c: migrate_get_current entered
../migration/yank_functions.c: migration_ioc_register_yank entered
../migration/yank_functions.c: migration_ioc_yank_supported entered
../migration/migration.c: migration_incoming_get_current entered
../migration/migration.c: migration_incoming_setup entered
../migration/migration.c: migration_incoming_get_current entered
../migration/migration.c: migrate_get_current entered
../migration/qemu-file.c: qemu_file_new_impl entered
../migration/migration.c: migration_incoming_get_current entered
../migration/migration.c: migrate_get_current entered
../migration/migration.c: migration_start_incoming entered
../migration/migration.c: postcopy_try_recover entered
../migration/migration.c: migration_incoming_get_current entered
../migration/migration.c: process_incoming_migration_co entered
../migration/migration.c: migrate_get_current entered
../migration/migration.c: migration_incoming_get_current entered
../migration/migration.c: migrate_get_current entered
../migration/postcopy-ram.c: postcopy_state_set entered
../migration/migration.c: migrate_set_state entered
../migration/migration.c: migrate_generate_event entered
../migration/migration.c: migrate_get_current entered
../migration/migration.c: migration_incoming_get_current entered
../migration/savevm.c: qemu_loadvm_thread_pool_create entered
../migration/migration.c: migrate_get_current entered
../migration/vmstate.c: vmstate_field_exists entered
../migration/migration.c: migrate_get_current entered
../migration/ram.c: ram_load_setup entered
../migration/ram.c: xbzrle_load_setup entered
../migration/ram.c: ramblock_recv_map_init entered
../migration/ram.c: migrate_ram_is_ignored entered
../migration/migration.c: migrate_get_current entered
../migration/ram.c: ram_load entered
../migration/ram.c: postcopy_is_running entered
../migration/postcopy-ram.c: postcopy_state_get entered
../migration/ram.c: ram_load_precopy entered
../migration/migration.c: migration_incoming_get_current entered
../migration/migration.c: migrate_get_current entered
../migration/ram.c: parse_ramblocks entered
../migration/ram.c: parse_ramblock entered
../migration/migration.c: migration_incoming_postcopy_advised entered
../migration/postcopy-ram.c: postcopy_state_get entered
../migration/migration.c: migrate_get_current entered
../migration/ram.c: parse_ramblock_mapped_ram entered
../migration/ram.c: mapped_ram_read_header entered
../migration/migration.c: migrate_get_current entered
../migration/ram.c: read_ramblock_mapped_ram entered
../migration/ram.c: handle_zero_mapped_ram entered
../migration/ram.c: host_from_ram_block_offset entered
../migration/migration.c: migrate_get_current entered
../migration/ram.c: handle_zero_mapped_ram entered
../migration/migration.c: migrate_get_current entered
../migration/ram.c: ram_load entered
../migration/ram.c: postcopy_is_running entered
../migration/postcopy-ram.c: postcopy_state_get entered
../migration/ram.c: ram_load_precopy entered
../migration/migration.c: migration_incoming_get_current entered
../migration/migration.c: migrate_get_current entered
../migration/migration.c: migration_incoming_get_current entered
../migration/ram.c: ram_load entered
../migration/ram.c: postcopy_is_running entered
../migration/postcopy-ram.c: postcopy_state_get entered
../migration/ram.c: ram_load_precopy entered
../migration/migration.c: migration_incoming_get_current entered
../migration/migration.c: migrate_get_current entered
../migration/vmstate.c: vmstate_field_exists entered
../migration/vmstate-types.c: get_int32 entered
../migration/vmstate.c: vmstate_field_exists entered
../migration/migration.c: migrate_get_current entered
../migration/vmstate.c: vmstate_field_exists entered
../migration/vmstate-types.c: get_bool entered
../migration/migration.c: migrate_get_current entered
../migration/vmstate.c: vmstate_field_exists entered
../migration/vmstate-types.c: get_int32_equal entered
../migration/vmstate.c: vmstate_field_exists entered
../migration/vmstate-types.c: get_int32 entered
../migration/migration.c: migrate_get_current entered
../migration/vmstate.c: vmstate_field_exists entered
../migration/vmstate-types.c: get_int32 entered
../migration/vmstate.c: vmstate_field_exists entered
../migration/migration.c: migrate_get_current entered
../migration/vmstate.c: vmstate_field_exists entered
../migration/vmstate-types.c: get_bool entered
../migration/vmstate.c: vmstate_field_exists entered
../migration/migration.c: migrate_get_current entered
../migration/vmstate.c: vmstate_field_exists entered
../migration/vmstate-types.c: get_int32 entered
../migration/vmstate.c: vmstate_field_exists entered
../migration/migration.c: migrate_get_current entered
../migration/vmstate.c: vmstate_field_exists entered
../migration/vmstate-types.c: get_int32_equal entered
../migration/vmstate.c: vmstate_field_exists entered
../migration/migration.c: migrate_get_current entered
../migration/vmstate.c: vmstate_field_exists entered
../migration/vmstate-types.c: get_int8 entered
../migration/vmstate.c: vmstate_field_exists entered
../migration/vmstate-types.c: get_bool entered
../migration/vmstate.c: vmstate_field_exists entered
../migration/vmstate-types.c: get_int8 entered
../migration/migration.c: migrate_get_current entered
../migration/vmstate.c: vmstate_field_exists entered
../migration/vmstate-types.c: get_bool entered
../migration/migration.c: migrate_get_current entered
../migration/vmstate.c: vmstate_field_exists entered
../migration/global_state.c: global_state_post_load entered
../migration/migration.c: migrate_get_current entered
../migration/migration.c: migrate_has_error entered
../migration/savevm.c: qemu_loadvm_thread_pool_wait entered
../migration/migration.c: migrate_has_error entered
../migration/migration.c: migrate_get_current entered
../migration/migration.c: migration_bh_schedule entered
../migration/migration.c: migrate_get_current entered
../migration/migration.c: migrate_incoming_unref_outgoing_state entered
../migration/migration.c: migrate_get_current entered
../migration/migration.c: migration_bh_dispatch_bh entered
../migration/migration.c: migrate_get_current entered
../migration/migration.c: process_incoming_migration_bh entered
../migration/migration.c: migrate_get_current entered
../migration/migration.c: migration_get_target_runstate entered
../migration/global_state.c: global_state_received entered
../migration/global_state.c: global_state_get_runstate entered
../migration/block-active.c: migration_block_activate entered
../migration/migration.c: migrate_set_state entered
../migration/migration.c: migrate_generate_event entered
../migration/migration.c: migrate_get_current entered
../migration/migration.c: migration_incoming_state_destroy entered
../migration/migration.c: migration_incoming_get_current entered
../migration/postcopy-ram.c: postcopy_state_get entered
../migration/migration.c: migrate_get_current entered
../migration/ram.c: ram_load_cleanup entered
../migration/ram.c: migrate_ram_is_ignored entered
../migration/migration.c: migrate_get_current entered
../migration/ram.c: xbzrle_load_cleanup entered
../migration/ram.c: migrate_ram_is_ignored entered
../migration/migration.c: migrate_get_current entered
../migration/savevm.c: qemu_loadvm_thread_pool_destroy entered
../migration/yank_functions.c: migration_ioc_yank_supported entered
../migration/migration.c: migration_incoming_transport_cleanup entered
############ SHUTDOWN THE VM ########################
../migration/migration.c: migration_shutdown entered
../migration/colo.c: migration_in_colo_state entered
../migration/migration.c: migrate_get_current entered
../migration/colo.c: migration_incoming_in_colo_state entered
../migration/migration.c: migration_incoming_get_current entered
../migration/migration.c: migration_cancel entered
../migration/migration.c: migrate_get_current entered
../migration/migration.c: migration_is_running entered
../migration/migration.c: migration_instance_finalize entered
